0 info it worked if it ends with ok
1 verbose cli [ 'D:\\Development\\nodejs\\node.exe',
1 verbose cli   'D:\\Development\\nodejs\\node_modules\\npm\\bin\\npm-cli.js',
1 verbose cli   'run',
1 verbose cli   'dev' ]
2 info using npm@3.10.10
3 info using node@v6.10.1
4 verbose run-script [ 'predev', 'dev', 'postdev' ]
5 info lifecycle wxjs@0.0.1~predev: wxjs@0.0.1
6 silly lifecycle wxjs@0.0.1~predev: no script for predev, continuing
7 info lifecycle wxjs@0.0.1~dev: wxjs@0.0.1
8 verbose lifecycle wxjs@0.0.1~dev: unsafe-perm in lifecycle true
9 verbose lifecycle wxjs@0.0.1~dev: PATH: D:\Development\nodejs\node_modules\npm\bin\node-gyp-bin;F:\GitHubNodeRepository\wxjs\node_modules\.bin;C:\ProgramData\Oracle\Java\javapath;D:\Development\adt-bundle-windows-x86-20130917\sdk\platform-tools;D:\Development\adt-bundle-windows-x86-20130917\sdk\tools;D:\Development\apache-maven-3.3.9\bin;D:\Development\adt-bundle-windows-x86-20130917\sdk\bin;D:\Development\apache-ant-1.9.9\bin;G:\app\lenovo\product\11.2.0\dbhome_2\bin;G:\app\lenovo\product\11.2.0\dbhome_1\bin;D:\Development\adt-bundle-windows-x86-20130917\sdk\platform-tools\adb.exe;C:\Windows\system32;C:\Windows;C:\Windows\System32\Wbem;C:\Windows\System32\WindowsPowerShell\v1.0\;C:\Program Files (x86)\NVIDIA Corporation\PhysX\Common;D:\Development\nodejs\;C:\Program Files\Intel\WiFi\bin\;C:\Program Files\Common Files\Intel\WirelessCommon\;C:\Program Files\TortoiseSVN\bin;C:\Users\lenovo\AppData\Local\Programs\Python\Python36\Scripts\;C:\Users\lenovo\AppData\Local\Programs\Python\Python36\;D:\Development\android-ndk-r12b;D:\Development\adt-bundle-windows-x86-20130917\sdk\platform-tools\adb.exe;C:\Program Files (x86)\MySQL\MySQL Server 5.6\bin;C:\Program Files (x86)\Java\jre1.8.0_91\bin;C:\Users\lenovo\AppData\Roaming\npm;C:\Program Files\Intel\WiFi\bin\;C:\Program Files\Common Files\Intel\WirelessCommon\;C:\Users\lenovo\AppData\Local\Programs\Fiddler;C:\Users\lenovo\AppData\Local\GitHubDesktop\bin;D:\Program\Fiddler
10 verbose lifecycle wxjs@0.0.1~dev: CWD: F:\GitHubNodeRepository\wxjs
11 silly lifecycle wxjs@0.0.1~dev: Args: [ '/d /s /c', 'wepy build --watch' ]
12 silly lifecycle wxjs@0.0.1~dev: Returned: code: 3221225786  signal: null
13 info lifecycle wxjs@0.0.1~dev: Failed to exec dev script
14 verbose stack Error: wxjs@0.0.1 dev: `wepy build --watch`
14 verbose stack Exit status 3221225786
14 verbose stack     at EventEmitter.<anonymous> (D:\Development\nodejs\node_modules\npm\lib\utils\lifecycle.js:255:16)
14 verbose stack     at emitTwo (events.js:106:13)
14 verbose stack     at EventEmitter.emit (events.js:191:7)
14 verbose stack     at ChildProcess.<anonymous> (D:\Development\nodejs\node_modules\npm\lib\utils\spawn.js:40:14)
14 verbose stack     at emitTwo (events.js:106:13)
14 verbose stack     at ChildProcess.emit (events.js:191:7)
14 verbose stack     at maybeClose (internal/child_process.js:886:16)
14 verbose stack     at Process.ChildProcess._handle.onexit (internal/child_process.js:226:5)
15 verbose pkgid wxjs@0.0.1
16 verbose cwd F:\GitHubNodeRepository\wxjs
17 error Windows_NT 6.1.7601
18 error argv "D:\\Development\\nodejs\\node.exe" "D:\\Development\\nodejs\\node_modules\\npm\\bin\\npm-cli.js" "run" "dev"
19 error node v6.10.1
20 error npm  v3.10.10
21 error code ELIFECYCLE
22 error wxjs@0.0.1 dev: `wepy build --watch`
22 error Exit status 3221225786
23 error Failed at the wxjs@0.0.1 dev script 'wepy build --watch'.
23 error Make sure you have the latest version of node.js and npm installed.
23 error If you do, this is most likely a problem with the wxjs package,
23 error not with npm itself.
23 error Tell the author that this fails on your system:
23 error     wepy build --watch
23 error You can get information on how to open an issue for this project with:
23 error     npm bugs wxjs
23 error Or if that isn't available, you can get their info via:
23 error     npm owner ls wxjs
23 error There is likely additional logging output above.
24 verbose exit [ 1, true ]
